{"C:\\Users\\Renata\\Desktop\\projetos_laboratoria\\SAP010-burger-queen-api\\config.js": {"path":"C:\\Users\\Renata\\Desktop\\projetos_laboratoria\\SAP010-burger-queen-api\\config.js","statementMap":{"0":{"start":{"line":1,"column":22},"end":{"line":1,"column":42}},"1":{"start":{"line":2,"column":0},"end":{"line":2,"column":27}},"2":{"start":{"line":4,"column":17},"end":{"line":14,"column":1}},"3":{"start":{"line":15,"column":19},"end":{"line":15,"column":45}},"4":{"start":{"line":16,"column":22},"end":{"line":16,"column":51}},"5":{"start":{"line":17,"column":15},"end":{"line":17,"column":37}},"6":{"start":{"line":18,"column":13},"end":{"line":18,"column":37}},"7":{"start":{"line":19,"column":18},"end":{"line":19,"column":70}},"8":{"start":{"line":21,"column":18},"end":{"line":30,"column":1}},"9":{"start":{"line":32,"column":0},"end":{"line":40,"column":2}}},"fnMap":{},"branchMap":{"0":{"loc":{"start":{"line":18,"column":13},"end":{"line":18,"column":37}},"type":"binary-expr","locations":[{"start":{"line":18,"column":13},"end":{"line":18,"column":29}},{"start":{"line":18,"column":33},"end":{"line":18,"column":37}}],"line":18},"1":{"loc":{"start":{"line":19,"column":18},"end":{"line":19,"column":70}},"type":"binary-expr","locations":[{"start":{"line":19,"column":18},"end":{"line":19,"column":40}},{"start":{"line":19,"column":44},"end":{"line":19,"column":70}}],"line":19}},"s":{"0":1,"1":1,"2":1,"3":1,"4":1,"5":1,"6":1,"7":1,"8":1,"9":1},"f":{},"b":{"0":[1,0],"1":[1,0]},"_coverageSchema":"1a1c01bbd47fc00a2c39e90264f33305004495a9","hash":"e92e70b00498471023086b6d2dd3ee7552f36ac4"}
,"C:\\Users\\Renata\\Desktop\\projetos_laboratoria\\SAP010-burger-queen-api\\controller\\auth.js": {"path":"C:\\Users\\Renata\\Desktop\\projetos_laboratoria\\SAP010-burger-queen-api\\controller\\auth.js","statementMap":{"0":{"start":{"line":1,"column":15},"end":{"line":1,"column":32}},"1":{"start":{"line":2,"column":12},"end":{"line":2,"column":35}},"2":{"start":{"line":3,"column":15},"end":{"line":3,"column":35}},"3":{"start":{"line":4,"column":17},"end":{"line":4,"column":37}},"4":{"start":{"line":5,"column":19},"end":{"line":5,"column":39}},"5":{"start":{"line":7,"column":0},"end":{"line":43,"column":2}},"6":{"start":{"line":9,"column":4},"end":{"line":9,"column":43}},"7":{"start":{"line":10,"column":32},"end":{"line":10,"column":40}},"8":{"start":{"line":12,"column":4},"end":{"line":14,"column":5}},"9":{"start":{"line":13,"column":8},"end":{"line":13,"column":65}},"10":{"start":{"line":16,"column":4},"end":{"line":41,"column":5}},"11":{"start":{"line":17,"column":19},"end":{"line":23,"column":8}},"12":{"start":{"line":25,"column":6},"end":{"line":29,"column":7}},"13":{"start":{"line":27,"column":8},"end":{"line":27,"column":63}},"14":{"start":{"line":31,"column":28},"end":{"line":31,"column":73}},"15":{"start":{"line":32,"column":6},"end":{"line":34,"column":7}},"16":{"start":{"line":33,"column":8},"end":{"line":33,"column":63}},"17":{"start":{"line":36,"column":20},"end":{"line":36,"column":97}},"18":{"start":{"line":37,"column":6},"end":{"line":37,"column":39}},"19":{"start":{"line":39,"column":6},"end":{"line":39,"column":58}},"20":{"start":{"line":40,"column":6},"end":{"line":40,"column":73}}},"fnMap":{"0":{"name":"(anonymous_0)","decl":{"start":{"line":8,"column":12},"end":{"line":8,"column":13}},"loc":{"start":{"line":8,"column":39},"end":{"line":42,"column":3}},"line":8}},"branchMap":{"0":{"loc":{"start":{"line":12,"column":4},"end":{"line":14,"column":5}},"type":"if","locations":[{"start":{"line":12,"column":4},"end":{"line":14,"column":5}},{"start":{},"end":{}}],"line":12},"1":{"loc":{"start":{"line":12,"column":8},"end":{"line":12,"column":27}},"type":"binary-expr","locations":[{"start":{"line":12,"column":8},"end":{"line":12,"column":14}},{"start":{"line":12,"column":18},"end":{"line":12,"column":27}}],"line":12},"2":{"loc":{"start":{"line":25,"column":6},"end":{"line":29,"column":7}},"type":"if","locations":[{"start":{"line":25,"column":6},"end":{"line":29,"column":7}},{"start":{},"end":{}}],"line":25},"3":{"loc":{"start":{"line":32,"column":6},"end":{"line":34,"column":7}},"type":"if","locations":[{"start":{"line":32,"column":6},"end":{"line":34,"column":7}},{"start":{},"end":{}}],"line":32}},"s":{"0":1,"1":1,"2":1,"3":1,"4":1,"5":1,"6":5,"7":5,"8":5,"9":1,"10":4,"11":4,"12":3,"13":1,"14":2,"15":2,"16":1,"17":1,"18":1,"19":1,"20":1},"f":{"0":5},"b":{"0":[1,4],"1":[5,4],"2":[1,2],"3":[1,1]},"_coverageSchema":"1a1c01bbd47fc00a2c39e90264f33305004495a9","hash":"8577e461d62d5e330d2b5be5f5220683a2a55d89"}
,"C:\\Users\\Renata\\Desktop\\projetos_laboratoria\\SAP010-burger-queen-api\\controller\\orders.js": {"path":"C:\\Users\\Renata\\Desktop\\projetos_laboratoria\\SAP010-burger-queen-api\\controller\\orders.js","statementMap":{"0":{"start":{"line":1,"column":33},"end":{"line":1,"column":53}},"1":{"start":{"line":3,"column":0},"end":{"line":207,"column":2}},"2":{"start":{"line":5,"column":4},"end":{"line":35,"column":5}},"3":{"start":{"line":6,"column":21},"end":{"line":11,"column":8}},"4":{"start":{"line":13,"column":38},"end":{"line":30,"column":9}},"5":{"start":{"line":13,"column":61},"end":{"line":30,"column":7}},"6":{"start":{"line":20,"column":51},"end":{"line":29,"column":9}},"7":{"start":{"line":32,"column":6},"end":{"line":32,"column":48}},"8":{"start":{"line":34,"column":6},"end":{"line":34,"column":18}},"9":{"start":{"line":39,"column":4},"end":{"line":77,"column":5}},"10":{"start":{"line":40,"column":26},"end":{"line":40,"column":36}},"11":{"start":{"line":41,"column":20},"end":{"line":47,"column":8}},"12":{"start":{"line":49,"column":6},"end":{"line":51,"column":7}},"13":{"start":{"line":50,"column":8},"end":{"line":50,"column":70}},"14":{"start":{"line":53,"column":28},"end":{"line":72,"column":7}},"15":{"start":{"line":62,"column":51},"end":{"line":71,"column":9}},"16":{"start":{"line":74,"column":6},"end":{"line":74,"column":43}},"17":{"start":{"line":76,"column":6},"end":{"line":76,"column":18}},"18":{"start":{"line":81,"column":4},"end":{"line":144,"column":5}},"19":{"start":{"line":82,"column":43},"end":{"line":82,"column":51}},"20":{"start":{"line":84,"column":6},"end":{"line":88,"column":7}},"21":{"start":{"line":85,"column":8},"end":{"line":87,"column":65}},"22":{"start":{"line":90,"column":27},"end":{"line":90,"column":54}},"23":{"start":{"line":91,"column":6},"end":{"line":95,"column":7}},"24":{"start":{"line":92,"column":8},"end":{"line":94,"column":73}},"25":{"start":{"line":97,"column":20},"end":{"line":102,"column":8}},"26":{"start":{"line":104,"column":33},"end":{"line":115,"column":8}},"27":{"start":{"line":105,"column":33},"end":{"line":105,"column":44}},"28":{"start":{"line":106,"column":32},"end":{"line":106,"column":66}},"29":{"start":{"line":108,"column":8},"end":{"line":112,"column":9}},"30":{"start":{"line":109,"column":10},"end":{"line":111,"column":79}},"31":{"start":{"line":114,"column":8},"end":{"line":114,"column":80}},"32":{"start":{"line":117,"column":6},"end":{"line":117,"column":44}},"33":{"start":{"line":119,"column":32},"end":{"line":126,"column":8}},"34":{"start":{"line":128,"column":28},"end":{"line":135,"column":7}},"35":{"start":{"line":137,"column":6},"end":{"line":139,"column":7}},"36":{"start":{"line":138,"column":8},"end":{"line":138,"column":70}},"37":{"start":{"line":141,"column":6},"end":{"line":141,"column":50}},"38":{"start":{"line":143,"column":6},"end":{"line":143,"column":18}},"39":{"start":{"line":148,"column":4},"end":{"line":188,"column":5}},"40":{"start":{"line":149,"column":26},"end":{"line":149,"column":36}},"41":{"start":{"line":150,"column":25},"end":{"line":150,"column":33}},"42":{"start":{"line":152,"column":34},"end":{"line":152,"column":74}},"43":{"start":{"line":154,"column":6},"end":{"line":160,"column":7}},"44":{"start":{"line":155,"column":8},"end":{"line":159,"column":11}},"45":{"start":{"line":162,"column":20},"end":{"line":162,"column":49}},"46":{"start":{"line":164,"column":6},"end":{"line":166,"column":7}},"47":{"start":{"line":165,"column":8},"end":{"line":165,"column":74}},"48":{"start":{"line":168,"column":6},"end":{"line":170,"column":7}},"49":{"start":{"line":169,"column":8},"end":{"line":169,"column":41}},"50":{"start":{"line":172,"column":6},"end":{"line":172,"column":28}},"51":{"start":{"line":174,"column":6},"end":{"line":174,"column":25}},"52":{"start":{"line":176,"column":28},"end":{"line":183,"column":7}},"53":{"start":{"line":185,"column":6},"end":{"line":185,"column":43}},"54":{"start":{"line":187,"column":6},"end":{"line":187,"column":18}},"55":{"start":{"line":192,"column":4},"end":{"line":205,"column":5}},"56":{"start":{"line":193,"column":26},"end":{"line":193,"column":36}},"57":{"start":{"line":194,"column":20},"end":{"line":194,"column":67}},"58":{"start":{"line":196,"column":6},"end":{"line":198,"column":7}},"59":{"start":{"line":197,"column":8},"end":{"line":197,"column":70}},"60":{"start":{"line":200,"column":6},"end":{"line":200,"column":28}},"61":{"start":{"line":202,"column":6},"end":{"line":202,"column":72}},"62":{"start":{"line":204,"column":6},"end":{"line":204,"column":18}}},"fnMap":{"0":{"name":"(anonymous_0)","decl":{"start":{"line":4,"column":13},"end":{"line":4,"column":14}},"loc":{"start":{"line":4,"column":40},"end":{"line":36,"column":3}},"line":4},"1":{"name":"(anonymous_1)","decl":{"start":{"line":13,"column":49},"end":{"line":13,"column":50}},"loc":{"start":{"line":13,"column":61},"end":{"line":30,"column":7}},"line":13},"2":{"name":"(anonymous_2)","decl":{"start":{"line":20,"column":37},"end":{"line":20,"column":38}},"loc":{"start":{"line":20,"column":51},"end":{"line":29,"column":9}},"line":20},"3":{"name":"(anonymous_3)","decl":{"start":{"line":38,"column":16},"end":{"line":38,"column":17}},"loc":{"start":{"line":38,"column":43},"end":{"line":78,"column":3}},"line":38},"4":{"name":"(anonymous_4)","decl":{"start":{"line":62,"column":37},"end":{"line":62,"column":38}},"loc":{"start":{"line":62,"column":51},"end":{"line":71,"column":9}},"line":62},"5":{"name":"(anonymous_5)","decl":{"start":{"line":80,"column":15},"end":{"line":80,"column":16}},"loc":{"start":{"line":80,"column":42},"end":{"line":145,"column":3}},"line":80},"6":{"name":"(anonymous_6)","decl":{"start":{"line":104,"column":46},"end":{"line":104,"column":47}},"loc":{"start":{"line":104,"column":69},"end":{"line":115,"column":7}},"line":104},"7":{"name":"(anonymous_7)","decl":{"start":{"line":147,"column":15},"end":{"line":147,"column":16}},"loc":{"start":{"line":147,"column":42},"end":{"line":189,"column":3}},"line":147},"8":{"name":"(anonymous_8)","decl":{"start":{"line":191,"column":15},"end":{"line":191,"column":16}},"loc":{"start":{"line":191,"column":42},"end":{"line":206,"column":3}},"line":191}},"branchMap":{"0":{"loc":{"start":{"line":19,"column":12},"end":{"line":19,"column":82}},"type":"binary-expr","locations":[{"start":{"line":19,"column":12},"end":{"line":19,"column":40}},{"start":{"line":19,"column":44},"end":{"line":19,"column":82}}],"line":19},"1":{"loc":{"start":{"line":49,"column":6},"end":{"line":51,"column":7}},"type":"if","locations":[{"start":{"line":49,"column":6},"end":{"line":51,"column":7}},{"start":{},"end":{}}],"line":49},"2":{"loc":{"start":{"line":59,"column":12},"end":{"line":61,"column":9}},"type":"binary-expr","locations":[{"start":{"line":59,"column":12},"end":{"line":59,"column":40}},{"start":{"line":59,"column":44},"end":{"line":61,"column":9}}],"line":59},"3":{"loc":{"start":{"line":84,"column":6},"end":{"line":88,"column":7}},"type":"if","locations":[{"start":{"line":84,"column":6},"end":{"line":88,"column":7}},{"start":{},"end":{}}],"line":84},"4":{"loc":{"start":{"line":84,"column":10},"end":{"line":84,"column":61}},"type":"binary-expr","locations":[{"start":{"line":84,"column":10},"end":{"line":84,"column":17}},{"start":{"line":84,"column":21},"end":{"line":84,"column":28}},{"start":{"line":84,"column":32},"end":{"line":84,"column":41}},{"start":{"line":84,"column":45},"end":{"line":84,"column":61}}],"line":84},"5":{"loc":{"start":{"line":91,"column":6},"end":{"line":95,"column":7}},"type":"if","locations":[{"start":{"line":91,"column":6},"end":{"line":95,"column":7}},{"start":{},"end":{}}],"line":91},"6":{"loc":{"start":{"line":108,"column":8},"end":{"line":112,"column":9}},"type":"if","locations":[{"start":{"line":108,"column":8},"end":{"line":112,"column":9}},{"start":{},"end":{}}],"line":108},"7":{"loc":{"start":{"line":137,"column":6},"end":{"line":139,"column":7}},"type":"if","locations":[{"start":{"line":137,"column":6},"end":{"line":139,"column":7}},{"start":{},"end":{}}],"line":137},"8":{"loc":{"start":{"line":154,"column":6},"end":{"line":160,"column":7}},"type":"if","locations":[{"start":{"line":154,"column":6},"end":{"line":160,"column":7}},{"start":{},"end":{}}],"line":154},"9":{"loc":{"start":{"line":164,"column":6},"end":{"line":166,"column":7}},"type":"if","locations":[{"start":{"line":164,"column":6},"end":{"line":166,"column":7}},{"start":{},"end":{}}],"line":164},"10":{"loc":{"start":{"line":168,"column":6},"end":{"line":170,"column":7}},"type":"if","locations":[{"start":{"line":168,"column":6},"end":{"line":170,"column":7}},{"start":{},"end":{}}],"line":168},"11":{"loc":{"start":{"line":168,"column":10},"end":{"line":168,"column":64}},"type":"binary-expr","locations":[{"start":{"line":168,"column":10},"end":{"line":168,"column":38}},{"start":{"line":168,"column":42},"end":{"line":168,"column":64}}],"line":168},"12":{"loc":{"start":{"line":196,"column":6},"end":{"line":198,"column":7}},"type":"if","locations":[{"start":{"line":196,"column":6},"end":{"line":198,"column":7}},{"start":{},"end":{}}],"line":196}},"s":{"0":1,"1":1,"2":2,"3":2,"4":1,"5":1,"6":1,"7":1,"8":1,"9":2,"10":2,"11":2,"12":1,"13":0,"14":1,"15":1,"16":1,"17":1,"18":2,"19":2,"20":2,"21":1,"22":1,"23":1,"24":0,"25":1,"26":1,"27":1,"28":1,"29":1,"30":0,"31":1,"32":1,"33":0,"34":0,"35":0,"36":0,"37":0,"38":2,"39":0,"40":0,"41":0,"42":0,"43":0,"44":0,"45":0,"46":0,"47":0,"48":0,"49":0,"50":0,"51":0,"52":0,"53":0,"54":0,"55":1,"56":1,"57":1,"58":1,"59":0,"60":1,"61":0,"62":1},"f":{"0":2,"1":1,"2":1,"3":2,"4":1,"5":2,"6":1,"7":0,"8":1},"b":{"0":[1,1],"1":[0,1],"2":[1,1],"3":[1,1],"4":[2,1,1,1],"5":[0,1],"6":[0,1],"7":[0,0],"8":[0,0],"9":[0,0],"10":[0,0],"11":[0,0],"12":[0,1]},"_coverageSchema":"1a1c01bbd47fc00a2c39e90264f33305004495a9","hash":"318904b89101a91ac33938316931cdb5c0bfd5f9"}
,"C:\\Users\\Renata\\Desktop\\projetos_laboratoria\\SAP010-burger-queen-api\\controller\\products.js": {"path":"C:\\Users\\Renata\\Desktop\\projetos_laboratoria\\SAP010-burger-queen-api\\controller\\products.js","statementMap":{"0":{"start":{"line":1,"column":20},"end":{"line":1,"column":40}},"1":{"start":{"line":2,"column":20},"end":{"line":2,"column":49}},"2":{"start":{"line":4,"column":26},"end":{"line":10,"column":1}},"3":{"start":{"line":5,"column":2},"end":{"line":9,"column":3}},"4":{"start":{"line":6,"column":4},"end":{"line":6,"column":49}},"5":{"start":{"line":8,"column":4},"end":{"line":8,"column":50}},"6":{"start":{"line":12,"column":0},"end":{"line":116,"column":2}},"7":{"start":{"line":14,"column":4},"end":{"line":19,"column":5}},"8":{"start":{"line":15,"column":23},"end":{"line":15,"column":46}},"9":{"start":{"line":16,"column":6},"end":{"line":16,"column":33}},"10":{"start":{"line":18,"column":6},"end":{"line":18,"column":41}},"11":{"start":{"line":23,"column":4},"end":{"line":34,"column":5}},"12":{"start":{"line":24,"column":18},"end":{"line":24,"column":38}},"13":{"start":{"line":25,"column":22},"end":{"line":25,"column":67}},"14":{"start":{"line":27,"column":6},"end":{"line":29,"column":7}},"15":{"start":{"line":28,"column":8},"end":{"line":28,"column":76}},"16":{"start":{"line":31,"column":6},"end":{"line":31,"column":37}},"17":{"start":{"line":33,"column":6},"end":{"line":33,"column":41}},"18":{"start":{"line":38,"column":4},"end":{"line":58,"column":5}},"19":{"start":{"line":44,"column":10},"end":{"line":44,"column":18}},"20":{"start":{"line":45,"column":6},"end":{"line":47,"column":7}},"21":{"start":{"line":46,"column":8},"end":{"line":46,"column":87}},"22":{"start":{"line":49,"column":25},"end":{"line":54,"column":8}},"23":{"start":{"line":55,"column":6},"end":{"line":55,"column":47}},"24":{"start":{"line":57,"column":6},"end":{"line":57,"column":41}},"25":{"start":{"line":62,"column":16},"end":{"line":62,"column":36}},"26":{"start":{"line":64,"column":4},"end":{"line":66,"column":5}},"27":{"start":{"line":65,"column":6},"end":{"line":65,"column":67}},"28":{"start":{"line":68,"column":4},"end":{"line":97,"column":5}},"29":{"start":{"line":74,"column":10},"end":{"line":74,"column":18}},"30":{"start":{"line":76,"column":22},"end":{"line":76,"column":67}},"31":{"start":{"line":78,"column":6},"end":{"line":80,"column":7}},"32":{"start":{"line":79,"column":8},"end":{"line":79,"column":77}},"33":{"start":{"line":82,"column":6},"end":{"line":82,"column":42}},"34":{"start":{"line":83,"column":6},"end":{"line":83,"column":45}},"35":{"start":{"line":84,"column":6},"end":{"line":84,"column":45}},"36":{"start":{"line":85,"column":6},"end":{"line":85,"column":42}},"37":{"start":{"line":87,"column":6},"end":{"line":92,"column":9}},"38":{"start":{"line":94,"column":6},"end":{"line":94,"column":37}},"39":{"start":{"line":96,"column":6},"end":{"line":96,"column":41}},"40":{"start":{"line":101,"column":4},"end":{"line":114,"column":5}},"41":{"start":{"line":102,"column":18},"end":{"line":102,"column":38}},"42":{"start":{"line":103,"column":22},"end":{"line":103,"column":67}},"43":{"start":{"line":105,"column":6},"end":{"line":107,"column":7}},"44":{"start":{"line":106,"column":8},"end":{"line":106,"column":76}},"45":{"start":{"line":109,"column":6},"end":{"line":109,"column":30}},"46":{"start":{"line":111,"column":6},"end":{"line":111,"column":74}},"47":{"start":{"line":113,"column":6},"end":{"line":113,"column":41}}},"fnMap":{"0":{"name":"(anonymous_0)","decl":{"start":{"line":4,"column":26},"end":{"line":4,"column":27}},"loc":{"start":{"line":4,"column":47},"end":{"line":10,"column":1}},"line":4},"1":{"name":"(anonymous_1)","decl":{"start":{"line":13,"column":15},"end":{"line":13,"column":16}},"loc":{"start":{"line":13,"column":42},"end":{"line":20,"column":3}},"line":13},"2":{"name":"(anonymous_2)","decl":{"start":{"line":22,"column":18},"end":{"line":22,"column":19}},"loc":{"start":{"line":22,"column":45},"end":{"line":35,"column":3}},"line":22},"3":{"name":"(anonymous_3)","decl":{"start":{"line":37,"column":17},"end":{"line":37,"column":18}},"loc":{"start":{"line":37,"column":44},"end":{"line":59,"column":3}},"line":37},"4":{"name":"(anonymous_4)","decl":{"start":{"line":61,"column":17},"end":{"line":61,"column":18}},"loc":{"start":{"line":61,"column":44},"end":{"line":98,"column":3}},"line":61},"5":{"name":"(anonymous_5)","decl":{"start":{"line":100,"column":17},"end":{"line":100,"column":18}},"loc":{"start":{"line":100,"column":44},"end":{"line":115,"column":3}},"line":100}},"branchMap":{"0":{"loc":{"start":{"line":27,"column":6},"end":{"line":29,"column":7}},"type":"if","locations":[{"start":{"line":27,"column":6},"end":{"line":29,"column":7}},{"start":{},"end":{}}],"line":27},"1":{"loc":{"start":{"line":45,"column":6},"end":{"line":47,"column":7}},"type":"if","locations":[{"start":{"line":45,"column":6},"end":{"line":47,"column":7}},{"start":{},"end":{}}],"line":45},"2":{"loc":{"start":{"line":45,"column":10},"end":{"line":45,"column":44}},"type":"binary-expr","locations":[{"start":{"line":45,"column":10},"end":{"line":45,"column":15}},{"start":{"line":45,"column":19},"end":{"line":45,"column":25}},{"start":{"line":45,"column":29},"end":{"line":45,"column":35}},{"start":{"line":45,"column":39},"end":{"line":45,"column":44}}],"line":45},"3":{"loc":{"start":{"line":64,"column":4},"end":{"line":66,"column":5}},"type":"if","locations":[{"start":{"line":64,"column":4},"end":{"line":66,"column":5}},{"start":{},"end":{}}],"line":64},"4":{"loc":{"start":{"line":64,"column":8},"end":{"line":64,"column":61}},"type":"binary-expr","locations":[{"start":{"line":64,"column":8},"end":{"line":64,"column":21}},{"start":{"line":64,"column":25},"end":{"line":64,"column":61}}],"line":64},"5":{"loc":{"start":{"line":78,"column":6},"end":{"line":80,"column":7}},"type":"if","locations":[{"start":{"line":78,"column":6},"end":{"line":80,"column":7}},{"start":{},"end":{}}],"line":78},"6":{"loc":{"start":{"line":82,"column":21},"end":{"line":82,"column":41}},"type":"binary-expr","locations":[{"start":{"line":82,"column":21},"end":{"line":82,"column":25}},{"start":{"line":82,"column":29},"end":{"line":82,"column":41}}],"line":82},"7":{"loc":{"start":{"line":83,"column":22},"end":{"line":83,"column":44}},"type":"binary-expr","locations":[{"start":{"line":83,"column":22},"end":{"line":83,"column":27}},{"start":{"line":83,"column":31},"end":{"line":83,"column":44}}],"line":83},"8":{"loc":{"start":{"line":84,"column":22},"end":{"line":84,"column":44}},"type":"binary-expr","locations":[{"start":{"line":84,"column":22},"end":{"line":84,"column":27}},{"start":{"line":84,"column":31},"end":{"line":84,"column":44}}],"line":84},"9":{"loc":{"start":{"line":85,"column":21},"end":{"line":85,"column":41}},"type":"binary-expr","locations":[{"start":{"line":85,"column":21},"end":{"line":85,"column":25}},{"start":{"line":85,"column":29},"end":{"line":85,"column":41}}],"line":85},"10":{"loc":{"start":{"line":105,"column":6},"end":{"line":107,"column":7}},"type":"if","locations":[{"start":{"line":105,"column":6},"end":{"line":107,"column":7}},{"start":{},"end":{}}],"line":105}},"s":{"0":1,"1":1,"2":1,"3":3,"4":3,"5":3,"6":1,"7":1,"8":1,"9":1,"10":0,"11":2,"12":2,"13":2,"14":1,"15":1,"16":0,"17":1,"18":3,"19":3,"20":3,"21":1,"22":2,"23":1,"24":1,"25":4,"26":4,"27":1,"28":2,"29":2,"30":1,"31":1,"32":1,"33":0,"34":0,"35":0,"36":0,"37":0,"38":0,"39":1,"40":2,"41":2,"42":2,"43":2,"44":1,"45":1,"46":1,"47":0},"f":{"0":3,"1":1,"2":2,"3":3,"4":4,"5":2},"b":{"0":[1,0],"1":[1,2],"2":[3,2,2,2],"3":[1,2],"4":[4,2],"5":[1,0],"6":[0,0],"7":[0,0],"8":[0,0],"9":[0,0],"10":[1,1]},"_coverageSchema":"1a1c01bbd47fc00a2c39e90264f33305004495a9","hash":"21801bd7c3a328d4d46d269e0ee265f8b02063ec"}
,"C:\\Users\\Renata\\Desktop\\projetos_laboratoria\\SAP010-burger-queen-api\\controller\\users.js": {"path":"C:\\Users\\Renata\\Desktop\\projetos_laboratoria\\SAP010-burger-queen-api\\controller\\users.js","statementMap":{"0":{"start":{"line":2,"column":15},"end":{"line":2,"column":32}},"1":{"start":{"line":3,"column":17},"end":{"line":3,"column":37}},"2":{"start":{"line":4,"column":20},"end":{"line":4,"column":49}},"3":{"start":{"line":6,"column":0},"end":{"line":95,"column":2}},"4":{"start":{"line":8,"column":4},"end":{"line":13,"column":5}},"5":{"start":{"line":9,"column":20},"end":{"line":9,"column":40}},"6":{"start":{"line":10,"column":6},"end":{"line":10,"column":30}},"7":{"start":{"line":12,"column":6},"end":{"line":12,"column":77}},"8":{"start":{"line":17,"column":4},"end":{"line":28,"column":5}},"9":{"start":{"line":18,"column":18},"end":{"line":18,"column":35}},"10":{"start":{"line":19,"column":19},"end":{"line":19,"column":61}},"11":{"start":{"line":21,"column":6},"end":{"line":23,"column":7}},"12":{"start":{"line":22,"column":8},"end":{"line":22,"column":76}},"13":{"start":{"line":25,"column":6},"end":{"line":25,"column":41}},"14":{"start":{"line":27,"column":6},"end":{"line":27,"column":77}},"15":{"start":{"line":32,"column":4},"end":{"line":46,"column":5}},"16":{"start":{"line":33,"column":40},"end":{"line":33,"column":48}},"17":{"start":{"line":34,"column":6},"end":{"line":36,"column":7}},"18":{"start":{"line":35,"column":8},"end":{"line":35,"column":87}},"19":{"start":{"line":38,"column":22},"end":{"line":42,"column":8}},"20":{"start":{"line":43,"column":6},"end":{"line":43,"column":44}},"21":{"start":{"line":45,"column":6},"end":{"line":45,"column":77}},"22":{"start":{"line":50,"column":16},"end":{"line":50,"column":33}},"23":{"start":{"line":52,"column":4},"end":{"line":54,"column":5}},"24":{"start":{"line":53,"column":6},"end":{"line":53,"column":67}},"25":{"start":{"line":56,"column":4},"end":{"line":76,"column":5}},"26":{"start":{"line":57,"column":40},"end":{"line":57,"column":48}},"27":{"start":{"line":59,"column":19},"end":{"line":59,"column":61}},"28":{"start":{"line":61,"column":6},"end":{"line":63,"column":7}},"29":{"start":{"line":62,"column":8},"end":{"line":62,"column":76}},"30":{"start":{"line":65,"column":6},"end":{"line":65,"column":39}},"31":{"start":{"line":66,"column":6},"end":{"line":68,"column":7}},"32":{"start":{"line":67,"column":8},"end":{"line":67,"column":54}},"33":{"start":{"line":69,"column":6},"end":{"line":69,"column":36}},"34":{"start":{"line":71,"column":6},"end":{"line":71,"column":24}},"35":{"start":{"line":73,"column":6},"end":{"line":73,"column":41}},"36":{"start":{"line":75,"column":6},"end":{"line":75,"column":76}},"37":{"start":{"line":80,"column":4},"end":{"line":93,"column":5}},"38":{"start":{"line":81,"column":18},"end":{"line":81,"column":35}},"39":{"start":{"line":82,"column":19},"end":{"line":82,"column":61}},"40":{"start":{"line":84,"column":6},"end":{"line":86,"column":7}},"41":{"start":{"line":85,"column":8},"end":{"line":85,"column":76}},"42":{"start":{"line":88,"column":6},"end":{"line":88,"column":27}},"43":{"start":{"line":90,"column":6},"end":{"line":90,"column":81}},"44":{"start":{"line":92,"column":6},"end":{"line":92,"column":76}}},"fnMap":{"0":{"name":"(anonymous_0)","decl":{"start":{"line":7,"column":12},"end":{"line":7,"column":13}},"loc":{"start":{"line":7,"column":39},"end":{"line":14,"column":3}},"line":7},"1":{"name":"(anonymous_1)","decl":{"start":{"line":16,"column":15},"end":{"line":16,"column":16}},"loc":{"start":{"line":16,"column":42},"end":{"line":29,"column":3}},"line":16},"2":{"name":"(anonymous_2)","decl":{"start":{"line":31,"column":14},"end":{"line":31,"column":15}},"loc":{"start":{"line":31,"column":41},"end":{"line":47,"column":3}},"line":31},"3":{"name":"(anonymous_3)","decl":{"start":{"line":49,"column":14},"end":{"line":49,"column":15}},"loc":{"start":{"line":49,"column":41},"end":{"line":77,"column":3}},"line":49},"4":{"name":"(anonymous_4)","decl":{"start":{"line":79,"column":14},"end":{"line":79,"column":15}},"loc":{"start":{"line":79,"column":41},"end":{"line":94,"column":3}},"line":79}},"branchMap":{"0":{"loc":{"start":{"line":21,"column":6},"end":{"line":23,"column":7}},"type":"if","locations":[{"start":{"line":21,"column":6},"end":{"line":23,"column":7}},{"start":{},"end":{}}],"line":21},"1":{"loc":{"start":{"line":34,"column":6},"end":{"line":36,"column":7}},"type":"if","locations":[{"start":{"line":34,"column":6},"end":{"line":36,"column":7}},{"start":{},"end":{}}],"line":34},"2":{"loc":{"start":{"line":34,"column":10},"end":{"line":34,"column":38}},"type":"binary-expr","locations":[{"start":{"line":34,"column":10},"end":{"line":34,"column":16}},{"start":{"line":34,"column":20},"end":{"line":34,"column":29}},{"start":{"line":34,"column":33},"end":{"line":34,"column":38}}],"line":34},"3":{"loc":{"start":{"line":52,"column":4},"end":{"line":54,"column":5}},"type":"if","locations":[{"start":{"line":52,"column":4},"end":{"line":54,"column":5}},{"start":{},"end":{}}],"line":52},"4":{"loc":{"start":{"line":52,"column":8},"end":{"line":52,"column":58}},"type":"binary-expr","locations":[{"start":{"line":52,"column":8},"end":{"line":52,"column":21}},{"start":{"line":52,"column":25},"end":{"line":52,"column":58}}],"line":52},"5":{"loc":{"start":{"line":61,"column":6},"end":{"line":63,"column":7}},"type":"if","locations":[{"start":{"line":61,"column":6},"end":{"line":63,"column":7}},{"start":{},"end":{}}],"line":61},"6":{"loc":{"start":{"line":65,"column":19},"end":{"line":65,"column":38}},"type":"binary-expr","locations":[{"start":{"line":65,"column":19},"end":{"line":65,"column":24}},{"start":{"line":65,"column":28},"end":{"line":65,"column":38}}],"line":65},"7":{"loc":{"start":{"line":66,"column":6},"end":{"line":68,"column":7}},"type":"if","locations":[{"start":{"line":66,"column":6},"end":{"line":68,"column":7}},{"start":{},"end":{}}],"line":66},"8":{"loc":{"start":{"line":69,"column":18},"end":{"line":69,"column":35}},"type":"binary-expr","locations":[{"start":{"line":69,"column":18},"end":{"line":69,"column":22}},{"start":{"line":69,"column":26},"end":{"line":69,"column":35}}],"line":69},"9":{"loc":{"start":{"line":84,"column":6},"end":{"line":86,"column":7}},"type":"if","locations":[{"start":{"line":84,"column":6},"end":{"line":86,"column":7}},{"start":{},"end":{}}],"line":84}},"s":{"0":1,"1":1,"2":1,"3":1,"4":4,"5":4,"6":3,"7":1,"8":2,"9":2,"10":2,"11":1,"12":1,"13":0,"14":2,"15":2,"16":2,"17":2,"18":1,"19":1,"20":0,"21":2,"22":3,"23":3,"24":1,"25":0,"26":0,"27":0,"28":0,"29":0,"30":0,"31":0,"32":0,"33":0,"34":0,"35":0,"36":0,"37":1,"38":1,"39":1,"40":1,"41":0,"42":1,"43":0,"44":1},"f":{"0":4,"1":2,"2":2,"3":3,"4":1},"b":{"0":[1,0],"1":[1,1],"2":[2,2,1],"3":[1,0],"4":[3,3],"5":[0,0],"6":[0,0],"7":[0,0],"8":[0,0],"9":[0,1]},"_coverageSchema":"1a1c01bbd47fc00a2c39e90264f33305004495a9","hash":"064776be6fbc94252d147110473ddeb26cc0e88d"}
}
