{"C:\\Users\\Myllena\\Desktop\\SAP010-burger-queen-api\\controller\\orders.js": {"path":"C:\\Users\\Myllena\\Desktop\\SAP010-burger-queen-api\\controller\\orders.js","statementMap":{"0":{"start":{"line":1,"column":27},"end":{"line":1,"column":47}},"1":{"start":{"line":3,"column":0},"end":{"line":37,"column":2}},"2":{"start":{"line":5,"column":4},"end":{"line":35,"column":5}},"3":{"start":{"line":6,"column":21},"end":{"line":11,"column":8}},"4":{"start":{"line":13,"column":38},"end":{"line":30,"column":9}},"5":{"start":{"line":13,"column":61},"end":{"line":30,"column":7}},"6":{"start":{"line":20,"column":51},"end":{"line":29,"column":9}},"7":{"start":{"line":32,"column":6},"end":{"line":32,"column":48}},"8":{"start":{"line":34,"column":6},"end":{"line":34,"column":25}}},"fnMap":{"0":{"name":"(anonymous_0)","decl":{"start":{"line":4,"column":13},"end":{"line":4,"column":14}},"loc":{"start":{"line":4,"column":40},"end":{"line":36,"column":3}},"line":4},"1":{"name":"(anonymous_1)","decl":{"start":{"line":13,"column":49},"end":{"line":13,"column":50}},"loc":{"start":{"line":13,"column":61},"end":{"line":30,"column":7}},"line":13},"2":{"name":"(anonymous_2)","decl":{"start":{"line":20,"column":37},"end":{"line":20,"column":38}},"loc":{"start":{"line":20,"column":51},"end":{"line":29,"column":9}},"line":20}},"branchMap":{"0":{"loc":{"start":{"line":19,"column":12},"end":{"line":19,"column":82}},"type":"binary-expr","locations":[{"start":{"line":19,"column":12},"end":{"line":19,"column":40}},{"start":{"line":19,"column":44},"end":{"line":19,"column":82}}],"line":19}},"s":{"0":1,"1":1,"2":2,"3":2,"4":1,"5":1,"6":1,"7":1,"8":1},"f":{"0":2,"1":1,"2":1},"b":{"0":[1,1]},"_coverageSchema":"1a1c01bbd47fc00a2c39e90264f33305004495a9","hash":"886389120e6fa2c7a53facc38755a830164849d4"}
,"C:\\Users\\Myllena\\Desktop\\SAP010-burger-queen-api\\controller\\products.js": {"path":"C:\\Users\\Myllena\\Desktop\\SAP010-burger-queen-api\\controller\\products.js","statementMap":{"0":{"start":{"line":2,"column":20},"end":{"line":2,"column":40}},"1":{"start":{"line":4,"column":0},"end":{"line":14,"column":2}},"2":{"start":{"line":6,"column":4},"end":{"line":12,"column":5}},"3":{"start":{"line":7,"column":23},"end":{"line":7,"column":46}},"4":{"start":{"line":9,"column":6},"end":{"line":9,"column":33}},"5":{"start":{"line":11,"column":6},"end":{"line":11,"column":25}}},"fnMap":{"0":{"name":"(anonymous_0)","decl":{"start":{"line":5,"column":15},"end":{"line":5,"column":16}},"loc":{"start":{"line":5,"column":42},"end":{"line":13,"column":3}},"line":5}},"branchMap":{},"s":{"0":1,"1":1,"2":2,"3":2,"4":1,"5":1},"f":{"0":2},"b":{},"_coverageSchema":"1a1c01bbd47fc00a2c39e90264f33305004495a9","hash":"c166aeb55a8d0270dde4399fcb74b6e937a96671"}
,"C:\\Users\\Myllena\\Desktop\\SAP010-burger-queen-api\\controller\\users.js": {"path":"C:\\Users\\Myllena\\Desktop\\SAP010-burger-queen-api\\controller\\users.js","statementMap":{"0":{"start":{"line":2,"column":17},"end":{"line":2,"column":37}},"1":{"start":{"line":4,"column":0},"end":{"line":14,"column":2}},"2":{"start":{"line":6,"column":4},"end":{"line":12,"column":5}},"3":{"start":{"line":7,"column":20},"end":{"line":7,"column":40}},"4":{"start":{"line":9,"column":6},"end":{"line":9,"column":30}},"5":{"start":{"line":11,"column":6},"end":{"line":11,"column":25}}},"fnMap":{"0":{"name":"(anonymous_0)","decl":{"start":{"line":5,"column":12},"end":{"line":5,"column":13}},"loc":{"start":{"line":5,"column":39},"end":{"line":13,"column":3}},"line":5}},"branchMap":{},"s":{"0":1,"1":1,"2":4,"3":4,"4":3,"5":1},"f":{"0":4},"b":{},"_coverageSchema":"1a1c01bbd47fc00a2c39e90264f33305004495a9","hash":"0443eef3a4f179ec34595a100b66df1f20606072"}
}
