TN:
SF:config.js
FNF:0
FNH:0
DA:1,1
DA:2,1
DA:4,1
DA:15,1
DA:16,1
DA:17,1
DA:18,1
DA:19,1
DA:21,1
DA:32,1
LF:10
LH:10
BRDA:18,0,0,1
BRDA:18,0,1,0
BRDA:19,1,0,1
BRDA:19,1,1,0
BRF:4
BRH:2
end_of_record
TN:
SF:controller\auth.js
FN:8,(anonymous_0)
FNF:1
FNH:1
FNDA:5,(anonymous_0)
DA:1,1
DA:2,1
DA:3,1
DA:4,1
DA:5,1
DA:7,1
DA:9,5
DA:10,5
DA:12,5
DA:13,1
DA:16,4
DA:17,4
DA:25,3
DA:27,1
DA:31,2
DA:32,2
DA:33,1
DA:36,1
DA:37,1
DA:39,1
DA:40,1
LF:21
LH:21
BRDA:12,0,0,1
BRDA:12,0,1,4
BRDA:12,1,0,5
BRDA:12,1,1,4
BRDA:25,2,0,1
BRDA:25,2,1,2
BRDA:32,3,0,1
BRDA:32,3,1,1
BRF:8
BRH:8
end_of_record
TN:
SF:controller\orders.js
FN:4,(anonymous_0)
FN:13,(anonymous_1)
FN:20,(anonymous_2)
FN:38,(anonymous_3)
FN:62,(anonymous_4)
FN:80,(anonymous_5)
FN:104,(anonymous_6)
FN:147,(anonymous_7)
FN:191,(anonymous_8)
FNF:9
FNH:8
FNDA:2,(anonymous_0)
FNDA:1,(anonymous_1)
FNDA:1,(anonymous_2)
FNDA:2,(anonymous_3)
FNDA:1,(anonymous_4)
FNDA:2,(anonymous_5)
FNDA:1,(anonymous_6)
FNDA:0,(anonymous_7)
FNDA:1,(anonymous_8)
DA:1,1
DA:3,1
DA:5,2
DA:6,2
DA:13,1
DA:20,1
DA:32,1
DA:34,1
DA:39,2
DA:40,2
DA:41,2
DA:49,1
DA:50,0
DA:53,1
DA:62,1
DA:74,1
DA:76,1
DA:81,2
DA:82,2
DA:84,2
DA:85,1
DA:90,1
DA:91,1
DA:92,0
DA:97,1
DA:104,1
DA:105,1
DA:106,1
DA:108,1
DA:109,0
DA:114,1
DA:117,1
DA:119,0
DA:128,0
DA:137,0
DA:138,0
DA:141,0
DA:143,2
DA:148,0
DA:149,0
DA:150,0
DA:152,0
DA:154,0
DA:155,0
DA:162,0
DA:164,0
DA:165,0
DA:168,0
DA:169,0
DA:172,0
DA:174,0
DA:176,0
DA:185,0
DA:187,0
DA:192,1
DA:193,1
DA:194,1
DA:196,1
DA:197,0
DA:200,1
DA:202,0
DA:204,1
LF:62
LH:36
BRDA:19,0,0,1
BRDA:19,0,1,1
BRDA:49,1,0,0
BRDA:49,1,1,1
BRDA:59,2,0,1
BRDA:59,2,1,1
BRDA:84,3,0,1
BRDA:84,3,1,1
BRDA:84,4,0,2
BRDA:84,4,1,1
BRDA:84,4,2,1
BRDA:84,4,3,1
BRDA:91,5,0,0
BRDA:91,5,1,1
BRDA:108,6,0,0
BRDA:108,6,1,1
BRDA:137,7,0,0
BRDA:137,7,1,0
BRDA:154,8,0,0
BRDA:154,8,1,0
BRDA:164,9,0,0
BRDA:164,9,1,0
BRDA:168,10,0,0
BRDA:168,10,1,0
BRDA:168,11,0,0
BRDA:168,11,1,0
BRDA:196,12,0,0
BRDA:196,12,1,1
BRF:28
BRH:14
end_of_record
TN:
SF:controller\products.js
FN:4,(anonymous_0)
FN:13,(anonymous_1)
FN:22,(anonymous_2)
FN:37,(anonymous_3)
FN:61,(anonymous_4)
FN:100,(anonymous_5)
FNF:6
FNH:6
FNDA:3,(anonymous_0)
FNDA:1,(anonymous_1)
FNDA:2,(anonymous_2)
FNDA:3,(anonymous_3)
FNDA:4,(anonymous_4)
FNDA:2,(anonymous_5)
DA:1,1
DA:2,1
DA:4,1
DA:5,3
DA:6,3
DA:8,3
DA:12,1
DA:14,1
DA:15,1
DA:16,1
DA:18,0
DA:23,2
DA:24,2
DA:25,2
DA:27,1
DA:28,1
DA:31,0
DA:33,1
DA:38,3
DA:44,3
DA:45,3
DA:46,1
DA:49,2
DA:55,1
DA:57,1
DA:62,4
DA:64,4
DA:65,1
DA:68,2
DA:74,2
DA:76,1
DA:78,1
DA:79,1
DA:82,0
DA:83,0
DA:84,0
DA:85,0
DA:87,0
DA:94,0
DA:96,1
DA:101,2
DA:102,2
DA:103,2
DA:105,2
DA:106,1
DA:109,1
DA:111,1
DA:113,0
LF:48
LH:39
BRDA:27,0,0,1
BRDA:27,0,1,0
BRDA:45,1,0,1
BRDA:45,1,1,2
BRDA:45,2,0,3
BRDA:45,2,1,2
BRDA:45,2,2,2
BRDA:45,2,3,2
BRDA:64,3,0,1
BRDA:64,3,1,2
BRDA:64,4,0,4
BRDA:64,4,1,2
BRDA:78,5,0,1
BRDA:78,5,1,0
BRDA:82,6,0,0
BRDA:82,6,1,0
BRDA:83,7,0,0
BRDA:83,7,1,0
BRDA:84,8,0,0
BRDA:84,8,1,0
BRDA:85,9,0,0
BRDA:85,9,1,0
BRDA:105,10,0,1
BRDA:105,10,1,1
BRF:24
BRH:14
end_of_record
TN:
SF:controller\users.js
FN:7,(anonymous_0)
FN:16,(anonymous_1)
FN:31,(anonymous_2)
FN:49,(anonymous_3)
FN:79,(anonymous_4)
FNF:5
FNH:5
FNDA:4,(anonymous_0)
FNDA:2,(anonymous_1)
FNDA:2,(anonymous_2)
FNDA:3,(anonymous_3)
FNDA:1,(anonymous_4)
DA:2,1
DA:3,1
DA:4,1
DA:6,1
DA:8,4
DA:9,4
DA:10,3
DA:12,1
DA:17,2
DA:18,2
DA:19,2
DA:21,1
DA:22,1
DA:25,0
DA:27,2
DA:32,2
DA:33,2
DA:34,2
DA:35,1
DA:38,1
DA:43,0
DA:45,2
DA:50,3
DA:52,3
DA:53,1
DA:56,0
DA:57,0
DA:59,0
DA:61,0
DA:62,0
DA:65,0
DA:66,0
DA:67,0
DA:69,0
DA:71,0
DA:73,0
DA:75,0
DA:80,1
DA:81,1
DA:82,1
DA:84,1
DA:85,0
DA:88,1
DA:90,0
DA:92,1
LF:45
LH:29
BRDA:21,0,0,1
BRDA:21,0,1,0
BRDA:34,1,0,1
BRDA:34,1,1,1
BRDA:34,2,0,2
BRDA:34,2,1,2
BRDA:34,2,2,1
BRDA:52,3,0,1
BRDA:52,3,1,0
BRDA:52,4,0,3
BRDA:52,4,1,3
BRDA:61,5,0,0
BRDA:61,5,1,0
BRDA:65,6,0,0
BRDA:65,6,1,0
BRDA:66,7,0,0
BRDA:66,7,1,0
BRDA:69,8,0,0
BRDA:69,8,1,0
BRDA:84,9,0,0
BRDA:84,9,1,1
BRF:21
BRH:10
end_of_record
