TN:
SF:config.js
FNF:0
FNH:0
DA:1,1
DA:2,1
DA:4,1
DA:15,1
DA:16,1
DA:17,1
DA:18,1
DA:19,1
DA:21,1
DA:32,1
LF:10
LH:10
BRDA:18,0,0,1
BRDA:18,0,1,0
BRDA:19,1,0,1
BRDA:19,1,1,0
BRF:4
BRH:2
end_of_record
TN:
SF:controller\auth.js
FN:8,(anonymous_0)
FNF:1
FNH:1
FNDA:5,(anonymous_0)
DA:1,1
DA:2,1
DA:3,1
DA:4,1
DA:5,1
DA:7,1
DA:10,5
DA:12,5
DA:13,1
DA:16,4
DA:17,4
DA:25,3
DA:27,1
DA:31,2
DA:32,2
DA:33,1
DA:36,1
DA:37,1
DA:39,1
LF:19
LH:19
BRDA:12,0,0,1
BRDA:12,0,1,4
BRDA:12,1,0,5
BRDA:12,1,1,4
BRDA:25,2,0,1
BRDA:25,2,1,2
BRDA:32,3,0,1
BRDA:32,3,1,1
BRF:8
BRH:8
end_of_record
TN:
SF:controller\orders.js
FN:4,(anonymous_0)
FN:13,(anonymous_1)
FN:20,(anonymous_2)
FN:38,(anonymous_3)
FN:62,(anonymous_4)
FN:80,(anonymous_5)
FN:100,(anonymous_6)
FN:143,(anonymous_7)
FN:188,(anonymous_8)
FNF:9
FNH:9
FNDA:2,(anonymous_0)
FNDA:1,(anonymous_1)
FNDA:1,(anonymous_2)
FNDA:3,(anonymous_3)
FNDA:2,(anonymous_4)
FNDA:8,(anonymous_5)
FNDA:9,(anonymous_6)
FNDA:6,(anonymous_7)
FNDA:3,(anonymous_8)
DA:1,1
DA:3,1
DA:5,2
DA:6,2
DA:13,1
DA:20,1
DA:32,1
DA:34,1
DA:39,3
DA:40,3
DA:41,3
DA:49,3
DA:50,1
DA:53,2
DA:62,2
DA:74,2
DA:76,2
DA:81,8
DA:82,8
DA:84,8
DA:85,1
DA:88,7
DA:89,6
DA:90,1
DA:93,5
DA:100,5
DA:101,9
DA:102,9
DA:104,9
DA:105,5
DA:110,4
DA:113,5
DA:115,5
DA:124,5
DA:133,5
DA:134,3
DA:137,5
DA:139,1
DA:144,6
DA:145,6
DA:146,6
DA:148,6
DA:150,6
DA:151,2
DA:158,4
DA:160,3
DA:161,1
DA:164,2
DA:165,1
DA:168,2
DA:170,2
DA:172,2
DA:182,2
DA:184,1
DA:189,3
DA:190,3
DA:191,3
DA:194,2
DA:195,1
DA:199,1
DA:202,1
DA:204,1
LF:62
LH:62
BRDA:19,0,0,1
BRDA:19,0,1,1
BRDA:49,1,0,1
BRDA:49,1,1,2
BRDA:59,2,0,2
BRDA:59,2,1,1
BRDA:84,3,0,1
BRDA:84,3,1,7
BRDA:84,4,0,8
BRDA:84,4,1,7
BRDA:84,4,2,7
BRDA:84,4,3,7
BRDA:89,5,0,1
BRDA:89,5,1,5
BRDA:104,6,0,5
BRDA:104,6,1,4
BRDA:133,7,0,3
BRDA:133,7,1,2
BRDA:150,8,0,2
BRDA:150,8,1,4
BRDA:160,9,0,1
BRDA:160,9,1,2
BRDA:164,10,0,1
BRDA:164,10,1,1
BRDA:164,11,0,2
BRDA:164,11,1,2
BRDA:194,12,0,1
BRDA:194,12,1,1
BRF:28
BRH:28
end_of_record
TN:
SF:controller\products.js
FN:3,(anonymous_0)
FN:12,(anonymous_1)
FN:21,(anonymous_2)
FN:36,(anonymous_3)
FN:60,(anonymous_4)
FN:95,(anonymous_5)
FNF:6
FNH:6
FNDA:5,(anonymous_0)
FNDA:2,(anonymous_1)
FNDA:3,(anonymous_2)
FNDA:3,(anonymous_3)
FNDA:3,(anonymous_4)
FNDA:3,(anonymous_5)
DA:1,1
DA:3,1
DA:4,5
DA:5,5
DA:7,5
DA:11,1
DA:13,2
DA:14,2
DA:15,1
DA:17,1
DA:22,3
DA:23,3
DA:24,2
DA:26,2
DA:27,1
DA:30,1
DA:32,1
DA:37,3
DA:43,3
DA:44,3
DA:45,1
DA:48,2
DA:54,1
DA:56,1
DA:61,3
DA:63,3
DA:69,3
DA:71,3
DA:73,3
DA:74,1
DA:77,2
DA:78,2
DA:79,2
DA:80,2
DA:82,2
DA:89,1
DA:91,1
DA:96,3
DA:97,3
DA:98,2
DA:100,2
DA:101,1
DA:104,1
DA:106,1
DA:108,1
LF:45
LH:45
BRDA:26,0,0,1
BRDA:26,0,1,1
BRDA:44,1,0,1
BRDA:44,1,1,2
BRDA:44,2,0,3
BRDA:44,2,1,2
BRDA:44,2,2,2
BRDA:44,2,3,2
BRDA:73,3,0,1
BRDA:73,3,1,2
BRDA:77,4,0,2
BRDA:77,4,1,0
BRDA:78,5,0,2
BRDA:78,5,1,0
BRDA:79,6,0,2
BRDA:79,6,1,1
BRDA:80,7,0,2
BRDA:80,7,1,1
BRDA:100,8,0,1
BRDA:100,8,1,1
BRF:20
BRH:18
end_of_record
TN:
SF:controller\users.js
FN:5,(anonymous_0)
FN:25,(anonymous_1)
FN:35,(anonymous_2)
FN:50,(anonymous_3)
FN:69,(anonymous_4)
FN:94,(anonymous_5)
FNF:6
FNH:6
FNDA:2,(anonymous_0)
FNDA:4,(anonymous_1)
FNDA:3,(anonymous_2)
FNDA:3,(anonymous_3)
FNDA:3,(anonymous_4)
FNDA:3,(anonymous_5)
DA:1,1
DA:2,1
DA:5,1
DA:6,2
DA:7,2
DA:8,1
DA:11,1
DA:17,1
DA:22,1
DA:25,1
DA:26,4
DA:27,4
DA:29,3
DA:31,1
DA:35,1
DA:36,3
DA:37,3
DA:38,3
DA:40,2
DA:41,1
DA:44,1
DA:46,1
DA:50,1
DA:51,3
DA:52,3
DA:53,3
DA:54,1
DA:57,2
DA:63,1
DA:65,1
DA:69,1
DA:70,3
DA:71,3
DA:73,3
DA:74,3
DA:76,2
DA:77,1
DA:80,1
DA:81,1
DA:82,1
DA:84,1
DA:86,1
DA:88,1
DA:90,1
DA:94,1
DA:95,3
DA:96,3
DA:97,3
DA:99,3
DA:100,1
DA:103,2
DA:105,1
DA:107,1
DA:111,1
LF:54
LH:54
BRDA:7,0,0,1
BRDA:7,0,1,1
BRDA:7,1,0,2
BRDA:7,1,1,1
BRDA:40,2,0,1
BRDA:40,2,1,1
BRDA:53,3,0,1
BRDA:53,3,1,2
BRDA:53,4,0,3
BRDA:53,4,1,3
BRDA:53,4,2,2
BRDA:76,5,0,1
BRDA:76,5,1,1
BRDA:80,6,0,1
BRDA:80,6,1,0
BRDA:81,7,0,1
BRDA:81,7,1,0
BRDA:84,8,0,1
BRDA:84,8,1,0
BRDA:99,9,0,1
BRDA:99,9,1,2
BRF:21
BRH:18
end_of_record
